<?xml version="1.0" encoding="UTF-8"?>
<!-- Generated by org.testng.reporters.JUnitReportReporter -->
<testsuite hostname="CPU-0163" failures="0" tests="1" name="Mobile.TC_023_Error_BlankFields_Hamburgerflow" time="74.958" errors="0" timestamp="12 Jan 2022 07:17:40 GMT">
  <testcase classname="Mobile.TC_023_Error_BlankFields_Hamburgerflow" name="AppIndexPage" time="74.958"/>
</testsuite> <!-- Mobile.TC_023_Error_BlankFields_Hamburgerflow -->
