<?xml version="1.0" encoding="UTF-8"?>
<!-- Generated by org.testng.reporters.JUnitReportReporter -->
<testsuite hostname="CPU-0163" failures="0" tests="1" name="Mobile.TC_001App" time="42.350" errors="0" timestamp="6 Jan 2022 17:02:54 GMT">
  <testcase classname="Mobile.TC_001App" name="AppIndexPage" time="42.350"/>
</testsuite> <!-- Mobile.TC_001App -->
