<?xml version="1.0" encoding="UTF-8"?>
<!-- Generated by org.testng.reporters.JUnitReportReporter -->
<testsuite hostname="CPU-0163" failures="0" tests="1" name="Mobile.TC_060_061_062_063_MyTrips_Guest_LoginScreen" time="62.571" errors="0" timestamp="2022-01-06T14:27:21 IST" skipped="0">
  <testcase classname="Mobile.TC_060_061_062_063_MyTrips_Guest_LoginScreen" name="Login" time="62.571"/>
  <system-out/>
</testsuite> <!-- Mobile.TC_060_061_062_063_MyTrips_Guest_LoginScreen -->
