<?xml version="1.0" encoding="UTF-8"?>
<!-- Generated by org.testng.reporters.JUnitReportReporter -->
<testsuite hostname="CPU-0163" failures="0" tests="1" name="Web.Preprod_Pending" time="22.237" errors="0" timestamp="2022-03-28T18:29:35 IST" skipped="0">
  <testcase classname="Web.Preprod_Pending" name="DirectLogin" time="22.237"/>
  <system-out/>
</testsuite> <!-- Web.Preprod_Pending -->
