<?xml version="1.0" encoding="UTF-8"?>
<!-- Generated by org.testng.reporters.JUnitReportReporter -->
<testsuite hostname="CPU-0163" failures="0" tests="1" name="Mobile.TC_022_Createmyaccount_manualLogin" time="67.188" errors="0" timestamp="2022-01-05T13:46:08 IST" skipped="0">
  <testcase classname="Mobile.TC_022_Createmyaccount_manualLogin" name="Login" time="67.188"/>
  <system-out/>
</testsuite> <!-- Mobile.TC_022_Createmyaccount_manualLogin -->
