<?xml version="1.0" encoding="UTF-8"?>
<!-- Generated by org.testng.reporters.JUnitReportReporter -->
<testsuite hostname="CPU-0163" failures="0" tests="1" name="Mobile.TC_006_GoogleHomeLoginScreen" time="47.461" errors="0" timestamp="2022-01-05T12:22:01 IST" skipped="0">
  <testcase classname="Mobile.TC_006_GoogleHomeLoginScreen" name="Login" time="47.461"/>
  <system-out/>
</testsuite> <!-- Mobile.TC_006_GoogleHomeLoginScreen -->
