<?xml version="1.0" encoding="UTF-8"?>
<!-- Generated by org.testng.reporters.JUnitReportReporter -->
<testsuite hostname="CPU-0163" failures="0" tests="1" name="Mobile.TC_002Login" time="92.338" errors="0" timestamp="2021-12-29T17:01:18 IST" skipped="0">
  <testcase classname="Mobile.TC_002Login" name="Login" time="92.338"/>
  <system-out/>
</testsuite> <!-- Mobile.TC_002Login -->
