<?xml version="1.0" encoding="UTF-8"?>
<!-- Generated by org.testng.reporters.JUnitReportReporter -->
<testsuite hostname="CPU-0163" failures="0" tests="1" name="Mobile.TC_053_Support_FacebookLoginscreen" time="81.208" errors="0" timestamp="2022-01-05T17:35:30 IST" skipped="0">
  <testcase classname="Mobile.TC_053_Support_FacebookLoginscreen" name="Login" time="81.208"/>
  <system-out/>
</testsuite> <!-- Mobile.TC_053_Support_FacebookLoginscreen -->
