<?xml version="1.0" encoding="UTF-8"?>
<!-- Generated by org.testng.reporters.JUnitReportReporter -->
<testsuite hostname="CPU-0163" failures="0" tests="1" name="Mobile.TC_066_MyTrips_ManualLogin" time="66.262" errors="0" timestamp="2022-01-06T16:27:39 IST" skipped="0">
  <testcase classname="Mobile.TC_066_MyTrips_ManualLogin" name="Login" time="66.262"/>
  <system-out/>
</testsuite> <!-- Mobile.TC_066_MyTrips_ManualLogin -->
