<?xml version="1.0" encoding="UTF-8"?>
<!-- Generated by org.testng.reporters.JUnitReportReporter -->
<testsuite hostname="CPU-0163" failures="0" tests="1" name="Mobile.TC_021_Createmyaccount_Google_HomeLoginScreen" time="60.291" errors="0" timestamp="2022-01-05T13:30:54 IST" skipped="0">
  <testcase classname="Mobile.TC_021_Createmyaccount_Google_HomeLoginScreen" name="Login" time="60.291"/>
  <system-out/>
</testsuite> <!-- Mobile.TC_021_Createmyaccount_Google_HomeLoginScreen -->
