<?xml version="1.0" encoding="UTF-8"?>
<!-- Generated by org.testng.reporters.JUnitReportReporter -->
<testsuite hostname="CPU-0163" failures="0" tests="1" name="Mobile.TC_044_Profilebutton_ManualLogin" time="72.754" errors="0" timestamp="2022-01-05T16:33:39 IST" skipped="0">
  <testcase classname="Mobile.TC_044_Profilebutton_ManualLogin" name="Login" time="72.754"/>
  <system-out/>
</testsuite> <!-- Mobile.TC_044_Profilebutton_ManualLogin -->
