<?xml version="1.0" encoding="UTF-8"?>
<!-- Generated by org.testng.reporters.JUnitReportReporter -->
<testsuite hostname="CPU-0163" failures="0" tests="1" name="Mobile.TC_001App" time="92.377" errors="0" timestamp="2022-01-03T12:47:58 IST" skipped="0">
  <testcase classname="Mobile.TC_001App" name="AppIndexPage" time="92.377"/>
  <system-out/>
</testsuite> <!-- Mobile.TC_001App -->
