<?xml version="1.0" encoding="UTF-8"?>
<!-- Generated by org.testng.reporters.JUnitReportReporter -->
<testsuite hostname="CPU-0163" failures="0" tests="1" name="Mobile.FacebookHomeLoginScreen" time="73.252" errors="0" timestamp="2022-01-05T12:11:17 IST" skipped="0">
  <testcase classname="Mobile.FacebookHomeLoginScreen" name="Login" time="73.252"/>
  <system-out/>
</testsuite> <!-- Mobile.FacebookHomeLoginScreen -->
