<?xml version="1.0" encoding="UTF-8"?>
<!-- Generated by org.testng.reporters.JUnitReportReporter -->
<testsuite hostname="CPU-0163" failures="0" tests="1" name="Mobile.TC_064_MyTrips_FacebookLogin_Screen" time="102.059" errors="0" timestamp="2022-01-06T15:08:20 IST" skipped="0">
  <testcase classname="Mobile.TC_064_MyTrips_FacebookLogin_Screen" name="Login" time="102.059"/>
  <system-out/>
</testsuite> <!-- Mobile.TC_064_MyTrips_FacebookLogin_Screen -->
