<?xml version="1.0" encoding="UTF-8"?>
<!-- Generated by org.testng.reporters.JUnitReportReporter -->
<testsuite hostname="CPU-0163" failures="0" tests="1" name="Mobile.TC_033_Hamburger_ManualLogin" time="82.309" errors="0" timestamp="2022-01-05T14:42:07 IST" skipped="0">
  <testcase classname="Mobile.TC_033_Hamburger_ManualLogin" name="Login" time="82.309"/>
  <system-out/>
</testsuite> <!-- Mobile.TC_033_Hamburger_ManualLogin -->
