<?xml version="1.0" encoding="UTF-8"?>
<!-- Generated by org.testng.reporters.JUnitReportReporter -->
<testsuite hostname="CPU-0163" failures="0" tests="1" name="Mobile.TC_009_0010_SocialLoginScreen" time="73.831" errors="0" timestamp="2022-01-04T17:37:06 IST" skipped="0">
  <testcase classname="Mobile.TC_009_0010_SocialLoginScreen" name="Login" time="73.831"/>
  <system-out/>
</testsuite> <!-- Mobile.TC_009_0010_SocialLoginScreen -->
