<?xml version="1.0" encoding="UTF-8"?>
<!-- Generated by org.testng.reporters.JUnitReportReporter -->
<testsuite hostname="CPU-0163" failures="0" tests="1" name="Mobile.TC_038_039_040_041_Profilebutton_Guest_HomeLoginScreen" time="96.557" errors="0" timestamp="2022-01-05T14:48:32 IST" skipped="0">
  <testcase classname="Mobile.TC_038_039_040_041_Profilebutton_Guest_HomeLoginScreen" name="Login" time="96.557"/>
  <system-out/>
</testsuite> <!-- Mobile.TC_038_039_040_041_Profilebutton_Guest_HomeLoginScreen -->
