<?xml version="1.0" encoding="UTF-8"?>
<!-- Generated by org.testng.reporters.JUnitReportReporter -->
<testsuite hostname="CPU-0163" failures="0" tests="1" name="Mobile.TC_020_Createmyaccount_FacebookLogin_HomeScreen" time="75.515" errors="0" timestamp="2022-01-05T13:21:20 IST" skipped="0">
  <testcase classname="Mobile.TC_020_Createmyaccount_FacebookLogin_HomeScreen" name="Login" time="75.515"/>
  <system-out/>
</testsuite> <!-- Mobile.TC_020_Createmyaccount_FacebookLogin_HomeScreen -->
