<?xml version="1.0" encoding="UTF-8"?>
<!-- Generated by org.testng.reporters.JUnitReportReporter -->
<testsuite hostname="CPU-0163" failures="0" tests="1" name="Mobile.TC_049_050_052_Support_GuestLoginScreen" time="52.964" errors="0" timestamp="2022-01-05T17:14:12 IST" skipped="0">
  <testcase classname="Mobile.TC_049_050_052_Support_GuestLoginScreen" name="Login" time="52.964"/>
  <system-out/>
</testsuite> <!-- Mobile.TC_049_050_052_Support_GuestLoginScreen -->
