<?xml version="1.0" encoding="UTF-8"?>
<!-- Generated by org.testng.reporters.JUnitReportReporter -->
<testsuite hostname="CPU-0163" failures="0" tests="1" name="Mobile.TC_09_FacebookLoginScreen" time="78.378" errors="0" timestamp="2022-01-05T12:27:01 IST" skipped="0">
  <testcase classname="Mobile.TC_09_FacebookLoginScreen" name="Login" time="78.378"/>
  <system-out/>
</testsuite> <!-- Mobile.TC_09_FacebookLoginScreen -->
