<?xml version="1.0" encoding="UTF-8"?>
<!-- Generated by org.testng.reporters.JUnitReportReporter -->
<testsuite hostname="CPU-0163" failures="0" tests="1" name="Mobile.TC_003FacebookLogin" time="69.781" errors="0" timestamp="2022-01-03T18:09:29 IST" skipped="0">
  <testcase classname="Mobile.TC_003FacebookLogin" name="Login" time="69.781"/>
  <system-out/>
</testsuite> <!-- Mobile.TC_003FacebookLogin -->
