<?xml version="1.0" encoding="UTF-8"?>
<!-- Generated by org.testng.reporters.JUnitReportReporter -->
<testsuite hostname="CPU-0163" failures="0" tests="1" name="Web.Preprod_Paid" time="24.886" errors="0" timestamp="2022-03-28T18:30:43 IST" skipped="0">
  <testcase classname="Web.Preprod_Paid" name="DirectLogin" time="24.886"/>
  <system-out/>
</testsuite> <!-- Web.Preprod_Paid -->
