<?xml version="1.0" encoding="UTF-8"?>
<!-- Generated by org.testng.reporters.JUnitReportReporter -->
<testsuite hostname="CPU-0163" failures="0" tests="1" name="Mobile.TC_001Login" time="19.025" errors="0" timestamp="2021-12-17T11:56:16 IST" skipped="0">
  <testcase classname="Mobile.TC_001Login" name="Login" time="19.025"/>
  <system-out/>
</testsuite> <!-- Mobile.TC_001Login -->
