<?xml version="1.0" encoding="UTF-8"?>
<!-- Generated by org.testng.reporters.JUnitReportReporter -->
<testsuite hostname="CPU-0163" failures="0" tests="1" name="Mobile.TC_0010_GoogleLoginScreen" time="56.889" errors="0" timestamp="2022-01-05T12:32:33 IST" skipped="0">
  <testcase classname="Mobile.TC_0010_GoogleLoginScreen" name="Login" time="56.889"/>
  <system-out/>
</testsuite> <!-- Mobile.TC_0010_GoogleLoginScreen -->
