<?xml version="1.0" encoding="UTF-8"?>
<!-- Generated by org.testng.reporters.JUnitReportReporter -->
<testsuite hostname="CPU-0163" failures="0" tests="1" name="Mobile.TC_011Login" time="88.228" errors="0" timestamp="2022-01-04T17:41:14 IST" skipped="0">
  <testcase classname="Mobile.TC_011Login" name="Login" time="88.228"/>
  <system-out/>
</testsuite> <!-- Mobile.TC_011Login -->
