<?xml version="1.0" encoding="UTF-8"?>
<!-- Generated by org.testng.reporters.JUnitReportReporter -->
<testsuite hostname="CPU-0163" failures="0" tests="1" name="Mobile.TC_0011_Login" time="83.500" errors="0" timestamp="2022-01-05T13:41:14 IST" skipped="0">
  <testcase classname="Mobile.TC_0011_Login" name="Login" time="83.500"/>
  <system-out/>
</testsuite> <!-- Mobile.TC_0011_Login -->
