<?xml version="1.0" encoding="UTF-8"?>
<!-- Generated by org.testng.reporters.JUnitReportReporter -->
<testsuite hostname="PranjalGupta" failures="0" tests="1" name="Web.GoogleLogin" time="49.191" errors="0" timestamp="2021-12-15T14:38:39 IST" skipped="0">
  <testcase classname="Web.GoogleLogin" name="GoogleLogin" time="49.191"/>
  <system-out/>
</testsuite> <!-- Web.GoogleLogin -->
