<?xml version="1.0" encoding="UTF-8"?>
<!-- Generated by org.testng.reporters.JUnitReportReporter -->
<testsuite hostname="CPU-0163" failures="0" tests="1" name="Mobile.TC_027_028_029_030_Hamburger_GuestLogin" time="93.333" errors="0" timestamp="2022-01-05T14:18:47 IST" skipped="0">
  <testcase classname="Mobile.TC_027_028_029_030_Hamburger_GuestLogin" name="Login" time="93.333"/>
  <system-out/>
</testsuite> <!-- Mobile.TC_027_028_029_030_Hamburger_GuestLogin -->
