<?xml version="1.0" encoding="UTF-8"?>
<!-- Generated by org.testng.reporters.JUnitReportReporter -->
<testsuite hostname="CPU-0163" failures="0" tests="1" name="Mobile.TC_005_006_SocialHomeLoginScreen" time="80.720" errors="0" timestamp="2022-01-04T17:19:33 IST" skipped="0">
  <testcase classname="Mobile.TC_005_006_SocialHomeLoginScreen" name="Login" time="80.720"/>
  <system-out/>
</testsuite> <!-- Mobile.TC_005_006_SocialHomeLoginScreen -->
