<?xml version="1.0" encoding="UTF-8"?>
<!-- Generated by org.testng.reporters.JUnitReportReporter -->
<testsuite hostname="CPU-0163" failures="0" tests="1" name="Mobile.TC_0011_ManualLogin" time="77.425" errors="0" timestamp="2022-01-21T16:32:52 IST" skipped="0">
  <testcase classname="Mobile.TC_0011_ManualLogin" name="Login" time="77.425"/>
  <system-out/>
</testsuite> <!-- Mobile.TC_0011_ManualLogin -->
