<?xml version="1.0" encoding="UTF-8"?>
<!-- Generated by org.testng.reporters.JUnitReportReporter -->
<testsuite hostname="CPU-0163" failures="0" tests="1" name="Mobile.FACEBOOKk_methods" time="94.682" errors="0" timestamp="2022-02-14T23:11:40 IST" skipped="0">
  <testcase classname="Mobile.FACEBOOKk_methods" name="Login" time="94.682"/>
  <system-out/>
</testsuite> <!-- Mobile.FACEBOOKk_methods -->
