<?xml version="1.0" encoding="UTF-8"?>
<!-- Generated by org.testng.reporters.JUnitReportReporter -->
<testsuite hostname="CPU-0163" failures="0" tests="1" name="Mobile.Notifications" time="77.452" errors="0" timestamp="2022-03-07T16:57:55 IST" skipped="0">
  <testcase classname="Mobile.Notifications" name="ValidateNotifications" time="77.452"/>
  <system-out/>
</testsuite> <!-- Mobile.Notifications -->
