<?xml version="1.0" encoding="UTF-8"?>
<!-- Generated by org.testng.reporters.JUnitReportReporter -->
<testsuite hostname="CPU-0163" failures="0" tests="1" name="Mobile.MyTrips_LoginUser" time="154.068" errors="0" timestamp="2022-03-22T13:19:01 IST" skipped="0">
  <testcase classname="Mobile.MyTrips_LoginUser" name="ValidateUSERMyTrips" time="154.068"/>
  <system-out/>
</testsuite> <!-- Mobile.MyTrips_LoginUser -->
