<?xml version="1.0" encoding="UTF-8"?>
<!-- Generated by org.testng.reporters.JUnitReportReporter -->
<testsuite hostname="CPU-0163" failures="0" tests="1" name="Mobile.CovidBanner" time="149.291" errors="0" timestamp="2022-03-23T14:01:10 IST" skipped="0">
  <testcase classname="Mobile.CovidBanner" name="ValidateCovidBannerBotswana" time="149.291"/>
  <system-out/>
</testsuite> <!-- Mobile.CovidBanner -->
