<?xml version="1.0" encoding="UTF-8"?>
<!-- Generated by org.testng.reporters.JUnitReportReporter -->
<testsuite hostname="CPU-0163" failures="0" tests="1" name="Mobile.TC_Signup" time="81.622" errors="0" timestamp="2022-01-21T14:45:05 IST" skipped="0">
  <testcase classname="Mobile.TC_Signup" name="AppIndexPage" time="81.622"/>
  <system-out/>
</testsuite> <!-- Mobile.TC_Signup -->
