<?xml version="1.0" encoding="UTF-8"?>
<!-- Generated by org.testng.reporters.JUnitReportReporter -->
<testsuite hostname="CPU-0163" failures="0" tests="1" name="Mobile.TC_001_002_003_004_Guest_HomeLoginScreen" time="71.519" errors="0" timestamp="2022-01-20T13:16:39 IST" skipped="0">
  <testcase classname="Mobile.TC_001_002_003_004_Guest_HomeLoginScreen" name="AppIndexPage" time="71.519"/>
  <system-out/>
</testsuite> <!-- Mobile.TC_001_002_003_004_Guest_HomeLoginScreen -->
