<?xml version="1.0" encoding="UTF-8"?>
<!-- Generated by org.testng.reporters.JUnitReportReporter -->
<testsuite hostname="CPU-0163" failures="0" tests="1" name="Mobile.ExcelCheck" time="0.600" errors="0" timestamp="2022-03-04T15:20:53 IST" skipped="0">
  <testcase classname="Mobile.ExcelCheck" name="test1" time="0.600"/>
  <system-out/>
</testsuite> <!-- Mobile.ExcelCheck -->
