<?xml version="1.0" encoding="UTF-8"?>
<!-- Generated by org.testng.reporters.JUnitReportReporter -->
<testsuite hostname="CPU-0163" failures="0" tests="1" name="Mobile.ManualLogin" time="125.270" errors="0" timestamp="2022-03-09T16:29:57 IST" skipped="0">
  <testcase classname="Mobile.ManualLogin" name="Login5" time="125.270"/>
  <system-out/>
</testsuite> <!-- Mobile.ManualLogin -->
