<?xml version="1.0" encoding="UTF-8"?>
<!-- Generated by org.testng.reporters.JUnitReportReporter -->
<testsuite hostname="CPU-0163" failures="0" tests="1" name="Mobile.MyTrips_GuestUser" time="88.223" errors="0" timestamp="2022-03-01T15:25:42 IST" skipped="0">
  <testcase classname="Mobile.MyTrips_GuestUser" name="ValidateGuestMyTrips1" time="88.223"/>
  <system-out/>
</testsuite> <!-- Mobile.MyTrips_GuestUser -->
